  [1m[35m (752.6ms)[0m  [1m[35mCREATE DATABASE "Goal_Setter_App_development" ENCODING = 'unicode'[0m
  ↳ bin/rails:9
  [1m[35m (246.3ms)[0m  [1m[35mCREATE DATABASE "Goal_Setter_App_test" ENCODING = 'unicode'[0m
  ↳ bin/rails:9
  [1m[35m (328.4ms)[0m  [1m[35mCREATE TABLE "schema_migrations" ("version" character varying NOT NULL PRIMARY KEY)[0m
  ↳ bin/rails:9
  [1m[35m (4.2ms)[0m  [1m[35mCREATE TABLE "ar_internal_metadata" ("key" character varying NOT NULL PRIMARY KEY, "value" character varying, "created_at" timestamp NOT NULL, "updated_at" timestamp NOT NULL)[0m
  ↳ bin/rails:9
  [1m[35m (33.9ms)[0m  [1m[34mSELECT pg_try_advisory_lock(4572048930442886340)[0m
  ↳ bin/rails:9
  [1m[35m (6.6ms)[0m  [1m[34mSELECT "schema_migrations"."version" FROM "schema_migrations" ORDER BY "schema_migrations"."version" ASC[0m
  ↳ bin/rails:9
Migrating to CreateUsers (20180914181051)
  [1m[35m (0.3ms)[0m  [1m[35mBEGIN[0m
  ↳ bin/rails:9
  [1m[35m (113.3ms)[0m  [1m[35mCREATE TABLE "users" ("id" bigserial primary key, "username" character varying NOT NULL, "password" character varying NOT NULL, "password_digest" character varying NOT NULL, "session_token" character varying NOT NULL, "created_at" timestamp NOT NULL, "updated_at" timestamp NOT NULL)[0m
  ↳ db/migrate/20180914181051_create_users.rb:3
  [1m[35m (1.6ms)[0m  [1m[35mCREATE  INDEX  "index_users_on_session_token" ON "users"  ("session_token")[0m
  ↳ db/migrate/20180914181051_create_users.rb:11
  [1m[35m (1.1ms)[0m  [1m[35mCREATE  INDEX  "index_users_on_username" ON "users"  ("username")[0m
  ↳ db/migrate/20180914181051_create_users.rb:12
  [1m[36mActiveRecord::SchemaMigration Create (0.6ms)[0m  [1m[32mINSERT INTO "schema_migrations" ("version") VALUES ($1) RETURNING "version"[0m  [["version", "20180914181051"]]
  ↳ bin/rails:9
  [1m[35m (0.9ms)[0m  [1m[35mCOMMIT[0m
  ↳ bin/rails:9
  [1m[36mActiveRecord::InternalMetadata Load (11.4ms)[0m  [1m[34mSELECT  "ar_internal_metadata".* FROM "ar_internal_metadata" WHERE "ar_internal_metadata"."key" = $1 LIMIT $2[0m  [["key", "environment"], ["LIMIT", 1]]
  ↳ bin/rails:9
  [1m[35m (0.2ms)[0m  [1m[35mBEGIN[0m
  ↳ bin/rails:9
  [1m[36mActiveRecord::InternalMetadata Create (0.6ms)[0m  [1m[32mINSERT INTO "ar_internal_metadata" ("key", "value", "created_at", "updated_at") VALUES ($1, $2, $3, $4) RETURNING "key"[0m  [["key", "environment"], ["value", "development"], ["created_at", "2018-09-14 18:14:19.801430"], ["updated_at", "2018-09-14 18:14:19.801430"]]
  ↳ bin/rails:9
  [1m[35m (0.5ms)[0m  [1m[35mCOMMIT[0m
  ↳ bin/rails:9
  [1m[35m (0.3ms)[0m  [1m[34mSELECT pg_advisory_unlock(4572048930442886340)[0m
  ↳ bin/rails:9
  [1m[35m (0.5ms)[0m  [1m[34mSELECT "schema_migrations"."version" FROM "schema_migrations" ORDER BY "schema_migrations"."version" ASC[0m
  ↳ bin/rails:9
  [1m[35m (0.3ms)[0m  [1m[35mBEGIN[0m
  [1m[36mUser Exists (16.9ms)[0m  [1m[34mSELECT  1 AS one FROM "users" WHERE "users"."username" = $1 LIMIT $2[0m  [["username", "Billy"], ["LIMIT", 1]]
  [1m[35m (0.3ms)[0m  [1m[31mROLLBACK[0m
  [1m[35m (0.3ms)[0m  [1m[35mBEGIN[0m
  [1m[36mUser Exists (0.5ms)[0m  [1m[34mSELECT  1 AS one FROM "users" WHERE "users"."username" = $1 LIMIT $2[0m  [["username", "Bily"], ["LIMIT", 1]]
  [1m[35m (0.3ms)[0m  [1m[31mROLLBACK[0m
  [1m[35m (0.2ms)[0m  [1m[35mBEGIN[0m
  [1m[36mUser Exists (0.5ms)[0m  [1m[34mSELECT  1 AS one FROM "users" WHERE "users"."username" = $1 LIMIT $2[0m  [["username", "Bily"], ["LIMIT", 1]]
  [1m[35m (0.3ms)[0m  [1m[31mROLLBACK[0m
  [1m[35m (0.3ms)[0m  [1m[35mBEGIN[0m
  [1m[36mUser Exists (1.2ms)[0m  [1m[34mSELECT  1 AS one FROM "users" WHERE "users"."username" = $1 LIMIT $2[0m  [["username", "bil"], ["LIMIT", 1]]
  [1m[35m (0.3ms)[0m  [1m[31mROLLBACK[0m
  [1m[35m (0.2ms)[0m  [1m[35mBEGIN[0m
  [1m[36mUser Exists (0.6ms)[0m  [1m[34mSELECT  1 AS one FROM "users" WHERE "users"."username" = $1 LIMIT $2[0m  [["username", "bil"], ["LIMIT", 1]]
  [1m[35m (0.2ms)[0m  [1m[31mROLLBACK[0m
  [1m[35m (0.2ms)[0m  [1m[35mBEGIN[0m
  [1m[36mUser Exists (0.6ms)[0m  [1m[34mSELECT  1 AS one FROM "users" WHERE "users"."username" = $1 LIMIT $2[0m  [["username", "bil"], ["LIMIT", 1]]
  [1m[35m (0.3ms)[0m  [1m[31mROLLBACK[0m
  [1m[35m (0.2ms)[0m  [1m[35mBEGIN[0m
  [1m[36mUser Exists (0.6ms)[0m  [1m[34mSELECT  1 AS one FROM "users" WHERE "users"."username" = $1 LIMIT $2[0m  [["username", "bil"], ["LIMIT", 1]]
  [1m[35m (0.3ms)[0m  [1m[31mROLLBACK[0m
  [1m[35m (0.3ms)[0m  [1m[34mSELECT pg_try_advisory_lock(4572048930442886340)[0m
  ↳ bin/rails:9
  [1m[35m (16.4ms)[0m  [1m[34mSELECT "schema_migrations"."version" FROM "schema_migrations" ORDER BY "schema_migrations"."version" ASC[0m
  ↳ bin/rails:9
Migrating to CreateGoals (20180914210301)
  [1m[35m (0.2ms)[0m  [1m[35mBEGIN[0m
  ↳ bin/rails:9
  [1m[35m (32.8ms)[0m  [1m[35mCREATE TABLE "goals" ("id" bigserial primary key, "title" character varying NOT NULL, "details" text NOT NULL, "private?" boolean DEFAULT TRUE, "completed?" boolean DEFAULT FALSE, "created_at" timestamp NOT NULL, "updated_at" timestamp NOT NULL)[0m
  ↳ db/migrate/20180914210301_create_goals.rb:3
  [1m[35m (1.5ms)[0m  [1m[35mCREATE  INDEX  "index_goals_on_title" ON "goals"  ("title")[0m
  ↳ db/migrate/20180914210301_create_goals.rb:10
  [1m[36mActiveRecord::SchemaMigration Create (0.6ms)[0m  [1m[32mINSERT INTO "schema_migrations" ("version") VALUES ($1) RETURNING "version"[0m  [["version", "20180914210301"]]
  ↳ bin/rails:9
  [1m[35m (1.3ms)[0m  [1m[35mCOMMIT[0m
  ↳ bin/rails:9
  [1m[36mActiveRecord::InternalMetadata Load (0.5ms)[0m  [1m[34mSELECT  "ar_internal_metadata".* FROM "ar_internal_metadata" WHERE "ar_internal_metadata"."key" = $1 LIMIT $2[0m  [["key", "environment"], ["LIMIT", 1]]
  ↳ bin/rails:9
  [1m[35m (0.2ms)[0m  [1m[35mBEGIN[0m
  ↳ bin/rails:9
  [1m[35m (0.2ms)[0m  [1m[35mCOMMIT[0m
  ↳ bin/rails:9
  [1m[35m (0.3ms)[0m  [1m[34mSELECT pg_advisory_unlock(4572048930442886340)[0m
  ↳ bin/rails:9
  [1m[35m (0.3ms)[0m  [1m[34mSELECT "schema_migrations"."version" FROM "schema_migrations" ORDER BY "schema_migrations"."version" ASC[0m
  ↳ bin/rails:9
  [1m[35m (0.3ms)[0m  [1m[34mSELECT pg_try_advisory_lock(4572048930442886340)[0m
  ↳ bin/rails:9
  [1m[35m (1.0ms)[0m  [1m[34mSELECT "schema_migrations"."version" FROM "schema_migrations" ORDER BY "schema_migrations"."version" ASC[0m
  ↳ bin/rails:9
Migrating to AddUsersIdToGoals (20180914211039)
  [1m[35m (0.3ms)[0m  [1m[35mBEGIN[0m
  ↳ bin/rails:9
  [1m[35m (36.9ms)[0m  [1m[35mALTER TABLE "goals" ADD "user_id" integer NOT NULL[0m
  ↳ db/migrate/20180914211039_add_users_id_to_goals.rb:3
  [1m[36mActiveRecord::SchemaMigration Create (0.7ms)[0m  [1m[32mINSERT INTO "schema_migrations" ("version") VALUES ($1) RETURNING "version"[0m  [["version", "20180914211039"]]
  ↳ bin/rails:9
  [1m[35m (0.7ms)[0m  [1m[35mCOMMIT[0m
  ↳ bin/rails:9
  [1m[36mActiveRecord::InternalMetadata Load (0.6ms)[0m  [1m[34mSELECT  "ar_internal_metadata".* FROM "ar_internal_metadata" WHERE "ar_internal_metadata"."key" = $1 LIMIT $2[0m  [["key", "environment"], ["LIMIT", 1]]
  ↳ bin/rails:9
  [1m[35m (0.3ms)[0m  [1m[35mBEGIN[0m
  ↳ bin/rails:9
  [1m[35m (0.2ms)[0m  [1m[35mCOMMIT[0m
  ↳ bin/rails:9
  [1m[35m (0.3ms)[0m  [1m[34mSELECT pg_advisory_unlock(4572048930442886340)[0m
  ↳ bin/rails:9
  [1m[35m (0.4ms)[0m  [1m[34mSELECT "schema_migrations"."version" FROM "schema_migrations" ORDER BY "schema_migrations"."version" ASC[0m
  ↳ bin/rails:9
  [1m[35m (0.3ms)[0m  [1m[34mSELECT pg_try_advisory_lock(4572048930442886340)[0m
  ↳ bin/rails:9
  [1m[35m (1.0ms)[0m  [1m[34mSELECT "schema_migrations"."version" FROM "schema_migrations" ORDER BY "schema_migrations"."version" ASC[0m
  ↳ bin/rails:9
Migrating to RemovePasswordFromUsers (20180914214946)
  [1m[35m (0.3ms)[0m  [1m[35mBEGIN[0m
  ↳ bin/rails:9
  [1m[35m (57.7ms)[0m  [1m[35mALTER TABLE "users" DROP COLUMN "password"[0m
  ↳ db/migrate/20180914214946_remove_password_from_users.rb:3
  [1m[36mActiveRecord::SchemaMigration Create (0.5ms)[0m  [1m[32mINSERT INTO "schema_migrations" ("version") VALUES ($1) RETURNING "version"[0m  [["version", "20180914214946"]]
  ↳ bin/rails:9
  [1m[35m (42.8ms)[0m  [1m[35mCOMMIT[0m
  ↳ bin/rails:9
  [1m[36mActiveRecord::InternalMetadata Load (0.5ms)[0m  [1m[34mSELECT  "ar_internal_metadata".* FROM "ar_internal_metadata" WHERE "ar_internal_metadata"."key" = $1 LIMIT $2[0m  [["key", "environment"], ["LIMIT", 1]]
  ↳ bin/rails:9
  [1m[35m (0.2ms)[0m  [1m[35mBEGIN[0m
  ↳ bin/rails:9
  [1m[35m (0.1ms)[0m  [1m[35mCOMMIT[0m
  ↳ bin/rails:9
  [1m[35m (0.3ms)[0m  [1m[34mSELECT pg_advisory_unlock(4572048930442886340)[0m
  ↳ bin/rails:9
  [1m[35m (0.3ms)[0m  [1m[34mSELECT "schema_migrations"."version" FROM "schema_migrations" ORDER BY "schema_migrations"."version" ASC[0m
  ↳ bin/rails:9
Started GET "/" for 127.0.0.1 at 2018-09-14 15:20:04 -0700
  [1m[35m (1.0ms)[0m  [1m[34mSELECT "schema_migrations"."version" FROM "schema_migrations" ORDER BY "schema_migrations"."version" ASC[0m
  ↳ /usr/local/var/rbenv/versions/2.5.0/lib/ruby/gems/2.5.0/gems/activerecord-5.2.1/lib/active_record/log_subscriber.rb:98
Processing by Rails::WelcomeController#index as HTML
  Rendering /usr/local/var/rbenv/versions/2.5.0/lib/ruby/gems/2.5.0/gems/railties-5.2.1/lib/rails/templates/rails/welcome/index.html.erb
  Rendered /usr/local/var/rbenv/versions/2.5.0/lib/ruby/gems/2.5.0/gems/railties-5.2.1/lib/rails/templates/rails/welcome/index.html.erb (19.3ms)
Completed 200 OK in 132ms (Views: 81.7ms | ActiveRecord: 0.0ms)


Started GET "/users/new" for 127.0.0.1 at 2018-09-14 15:20:12 -0700
Processing by UsersController#new as HTML
  Rendering users/new.html.erb within layouts/application
  Rendered users/new.html.erb within layouts/application (0.3ms)
Completed 200 OK in 472ms (Views: 471.1ms | ActiveRecord: 0.0ms)


Started GET "/users/new" for 127.0.0.1 at 2018-09-14 15:20:25 -0700
Processing by UsersController#new as HTML
  Rendering users/new.html.erb within layouts/application
  Rendered users/new.html.erb within layouts/application (0.4ms)
Completed 200 OK in 68ms (Views: 57.0ms | ActiveRecord: 0.0ms)


Started GET "/users/new" for 127.0.0.1 at 2018-09-14 15:21:01 -0700
Processing by UsersController#new as HTML
  Rendering users/new.html.erb within layouts/application
  Rendered users/new.html.erb within layouts/application (0.5ms)
Completed 200 OK in 68ms (Views: 67.6ms | ActiveRecord: 0.0ms)


Started GET "/users/new" for 127.0.0.1 at 2018-09-14 15:21:13 -0700
Processing by UsersController#new as HTML
  Rendering users/new.html.erb within layouts/application
  Rendered users/new.html.erb within layouts/application (0.4ms)
Completed 200 OK in 17ms (Views: 16.1ms | ActiveRecord: 0.0ms)


Started GET "/users/new" for 127.0.0.1 at 2018-09-14 15:21:59 -0700
Processing by UsersController#new as HTML
  Rendering users/new.html.erb within layouts/application
  Rendered users/new.html.erb within layouts/application (0.4ms)
Completed 200 OK in 16ms (Views: 15.8ms | ActiveRecord: 0.0ms)


Started GET "/users/new" for 127.0.0.1 at 2018-09-14 15:26:47 -0700
Processing by UsersController#new as HTML
  Rendering users/new.html.erb within layouts/application
  Rendered users/new.html.erb within layouts/application (0.9ms)
Completed 200 OK in 171ms (Views: 169.9ms | ActiveRecord: 0.0ms)


Started GET "/users/new" for 127.0.0.1 at 2018-09-14 15:26:49 -0700
Processing by UsersController#new as HTML
  Rendering users/new.html.erb within layouts/application
  Rendered users/new.html.erb within layouts/application (0.4ms)
Completed 200 OK in 16ms (Views: 15.7ms | ActiveRecord: 0.0ms)


Started GET "/users/new" for 127.0.0.1 at 2018-09-14 15:28:02 -0700
Processing by UsersController#new as HTML
  Rendering users/new.html.erb within layouts/application
  Rendered users/new.html.erb within layouts/application (0.6ms)
Completed 200 OK in 46ms (Views: 45.7ms | ActiveRecord: 0.0ms)


Started GET "/users/new" for 127.0.0.1 at 2018-09-14 15:28:02 -0700
Processing by UsersController#new as HTML
  Rendering users/new.html.erb within layouts/application
  Rendered users/new.html.erb within layouts/application (0.6ms)
Completed 200 OK in 32ms (Views: 31.2ms | ActiveRecord: 0.0ms)


Started GET "/users/new" for 127.0.0.1 at 2018-09-14 15:29:05 -0700
Processing by UsersController#new as HTML
  Rendering users/new.html.erb within layouts/application
  Rendered users/new.html.erb within layouts/application (0.5ms)
Completed 200 OK in 87ms (Views: 86.8ms | ActiveRecord: 0.0ms)


Started GET "/users/new" for 127.0.0.1 at 2018-09-14 15:29:05 -0700
Processing by UsersController#new as HTML
  Rendering users/new.html.erb within layouts/application
  Rendered users/new.html.erb within layouts/application (0.6ms)
Completed 200 OK in 36ms (Views: 34.8ms | ActiveRecord: 0.0ms)


Started GET "/users/new" for 127.0.0.1 at 2018-09-14 15:29:08 -0700
Processing by UsersController#new as HTML
  Rendering users/new.html.erb within layouts/application
  Rendered users/new.html.erb within layouts/application (0.9ms)
Completed 200 OK in 70ms (Views: 69.5ms | ActiveRecord: 0.0ms)


Started GET "/users/new" for 127.0.0.1 at 2018-09-14 15:29:08 -0700
Processing by UsersController#new as HTML
  Rendering users/new.html.erb within layouts/application
  Rendered users/new.html.erb within layouts/application (0.7ms)
Completed 200 OK in 46ms (Views: 45.2ms | ActiveRecord: 0.0ms)


Started GET "/users/new" for 127.0.0.1 at 2018-09-14 15:30:22 -0700
Processing by UsersController#new as HTML
  Rendering users/new.html.erb within layouts/application
  Rendered users/new.html.erb within layouts/application (0.4ms)
Completed 200 OK in 178ms (Views: 177.2ms | ActiveRecord: 0.0ms)


Started GET "/users/new" for 127.0.0.1 at 2018-09-14 15:30:22 -0700
Processing by UsersController#new as HTML
  Rendering users/new.html.erb within layouts/application
  Rendered users/new.html.erb within layouts/application (0.5ms)
Completed 200 OK in 40ms (Views: 38.5ms | ActiveRecord: 0.0ms)


Started GET "/users/new" for 127.0.0.1 at 2018-09-14 15:31:53 -0700
Processing by UsersController#new as HTML
  Rendering users/new.html.erb within layouts/application
  Rendered users/new.html.erb within layouts/application (0.4ms)
Completed 200 OK in 28ms (Views: 27.0ms | ActiveRecord: 0.0ms)


Started GET "/users/new" for 127.0.0.1 at 2018-09-14 15:33:44 -0700
Processing by UsersController#new as HTML
  Rendering users/new.html.erb within layouts/application
  Rendered users/new.html.erb within layouts/application (0.4ms)
Completed 200 OK in 175ms (Views: 174.0ms | ActiveRecord: 0.0ms)


Started GET "/users/new" for 127.0.0.1 at 2018-09-14 15:34:14 -0700
Processing by UsersController#new as HTML
  Rendering users/new.html.erb within layouts/application
  Rendered users/new.html.erb within layouts/application (0.5ms)
Completed 200 OK in 25ms (Views: 25.0ms | ActiveRecord: 0.0ms)


Started GET "/users/new" for 127.0.0.1 at 2018-09-14 15:35:07 -0700
Processing by UsersController#new as HTML
  Rendering users/new.html.erb within layouts/application
  Rendered users/new.html.erb within layouts/application (0.5ms)
Completed 200 OK in 43ms (Views: 42.3ms | ActiveRecord: 0.0ms)


  
ActionController::RoutingError (No route matches [GET] "/assets/One-Cool-Cat-620x413.jpg"):
  
actionpack (5.2.1) lib/action_dispatch/middleware/debug_exceptions.rb:65:in `call'
web-console (3.7.0) lib/web_console/middleware.rb:135:in `call_app'
web-console (3.7.0) lib/web_console/middleware.rb:30:in `block in call'
web-console (3.7.0) lib/web_console/middleware.rb:20:in `catch'
web-console (3.7.0) lib/web_console/middleware.rb:20:in `call'
actionpack (5.2.1) lib/action_dispatch/middleware/show_exceptions.rb:33:in `call'
railties (5.2.1) lib/rails/rack/logger.rb:38:in `call_app'
railties (5.2.1) lib/rails/rack/logger.rb:26:in `block in call'
activesupport (5.2.1) lib/active_support/tagged_logging.rb:71:in `block in tagged'
activesupport (5.2.1) lib/active_support/tagged_logging.rb:28:in `tagged'
activesupport (5.2.1) lib/active_support/tagged_logging.rb:71:in `tagged'
railties (5.2.1) lib/rails/rack/logger.rb:26:in `call'
sprockets-rails (3.2.1) lib/sprockets/rails/quiet_assets.rb:11:in `block in call'
activesupport (5.2.1) lib/active_support/logger_silence.rb:21:in `silence'
activesupport (5.2.1) lib/active_support/logger.rb:65:in `block (3 levels) in broadcast'
activesupport (5.2.1) lib/active_support/logger_silence.rb:21:in `silence'
activesupport (5.2.1) lib/active_support/logger.rb:63:in `block (2 levels) in broadcast'
sprockets-rails (3.2.1) lib/sprockets/rails/quiet_assets.rb:11:in `call'
actionpack (5.2.1) lib/action_dispatch/middleware/remote_ip.rb:81:in `call'
actionpack (5.2.1) lib/action_dispatch/middleware/request_id.rb:27:in `call'
rack (2.0.5) lib/rack/method_override.rb:22:in `call'
rack (2.0.5) lib/rack/runtime.rb:22:in `call'
activesupport (5.2.1) lib/active_support/cache/strategy/local_cache_middleware.rb:29:in `call'
actionpack (5.2.1) lib/action_dispatch/middleware/executor.rb:14:in `call'
actionpack (5.2.1) lib/action_dispatch/middleware/static.rb:127:in `call'
rack (2.0.5) lib/rack/sendfile.rb:111:in `call'
railties (5.2.1) lib/rails/engine.rb:524:in `call'
puma (3.12.0) lib/puma/configuration.rb:225:in `call'
puma (3.12.0) lib/puma/server.rb:658:in `handle_request'
puma (3.12.0) lib/puma/server.rb:472:in `process_client'
puma (3.12.0) lib/puma/server.rb:332:in `block in run'
puma (3.12.0) lib/puma/thread_pool.rb:133:in `block in spawn_thread'
Started GET "/users/new" for 127.0.0.1 at 2018-09-14 15:35:17 -0700
Processing by UsersController#new as HTML
  Rendering users/new.html.erb within layouts/application
  Rendered users/new.html.erb within layouts/application (0.3ms)
Completed 200 OK in 75ms (Views: 74.3ms | ActiveRecord: 0.0ms)


Started GET "/users/new" for 127.0.0.1 at 2018-09-14 15:35:40 -0700
Processing by UsersController#new as HTML
  Rendering users/new.html.erb within layouts/application
  Rendered users/new.html.erb within layouts/application (0.4ms)
Completed 200 OK in 37ms (Views: 36.2ms | ActiveRecord: 0.0ms)


Started GET "/users/new" for 127.0.0.1 at 2018-09-14 15:35:54 -0700
Processing by UsersController#new as HTML
  Rendering users/new.html.erb within layouts/application
  Rendered users/new.html.erb within layouts/application (0.3ms)
Completed 200 OK in 50ms (Views: 49.8ms | ActiveRecord: 0.0ms)


Started GET "/users/new" for 127.0.0.1 at 2018-09-14 15:35:58 -0700
Processing by UsersController#new as HTML
  Rendering users/new.html.erb within layouts/application
  Rendered users/new.html.erb within layouts/application (0.5ms)
Completed 200 OK in 24ms (Views: 23.2ms | ActiveRecord: 0.0ms)


Started GET "/users/new" for 127.0.0.1 at 2018-09-14 15:37:23 -0700
Processing by UsersController#new as HTML
  Rendering users/new.html.erb within layouts/application
  Rendered users/new.html.erb within layouts/application (5.1ms)
Completed 500 Internal Server Error in 11ms (ActiveRecord: 0.0ms)



NoMethodError - undefined method `times' for 0..100:Range:
  app/views/users/new.html.erb:3:in `_app_views_users_new_html_erb___521623081396372594_70279740207360'
  app/controllers/users_controller.rb:3:in `new'

Started POST "/__better_errors/f4c1152bc7f5b0a9/variables" for 127.0.0.1 at 2018-09-14 15:37:23 -0700
Started GET "/users/new" for 127.0.0.1 at 2018-09-14 15:37:54 -0700
Processing by UsersController#new as HTML
  Rendering users/new.html.erb within layouts/application
  Rendered users/new.html.erb within layouts/application (0.5ms)
Completed 200 OK in 20ms (Views: 19.7ms | ActiveRecord: 0.0ms)


Started GET "/users/new" for 127.0.0.1 at 2018-09-14 15:38:16 -0700
Processing by UsersController#new as HTML
  Rendering users/new.html.erb within layouts/application
  Rendered users/new.html.erb within layouts/application (0.5ms)
Completed 200 OK in 84ms (Views: 83.8ms | ActiveRecord: 0.0ms)


Started GET "/users/new" for 127.0.0.1 at 2018-09-14 15:39:39 -0700
Processing by UsersController#new as HTML
  Rendering users/new.html.erb within layouts/application
  Rendered users/new.html.erb within layouts/application (0.4ms)
Completed 200 OK in 148ms (Views: 147.4ms | ActiveRecord: 0.0ms)


Started GET "/users/new" for 127.0.0.1 at 2018-09-14 15:39:44 -0700
Processing by UsersController#new as HTML
  Rendering users/new.html.erb within layouts/application
  Rendered users/new.html.erb within layouts/application (0.8ms)
Completed 200 OK in 17ms (Views: 16.9ms | ActiveRecord: 0.0ms)


Started GET "/users/users_url" for 127.0.0.1 at 2018-09-14 15:39:45 -0700

AbstractController::ActionNotFound - The action 'show' could not be found for UsersController:

Started POST "/__better_errors/6693259559607ae7/variables" for 127.0.0.1 at 2018-09-14 15:39:45 -0700
Started GET "/users/new" for 127.0.0.1 at 2018-09-14 15:39:59 -0700
Processing by UsersController#new as HTML
  Rendering users/new.html.erb within layouts/application
  Rendered users/new.html.erb within layouts/application (1.3ms)
Completed 200 OK in 23ms (Views: 22.4ms | ActiveRecord: 0.0ms)


Started GET "/users/new_user_url" for 127.0.0.1 at 2018-09-14 15:40:00 -0700

AbstractController::ActionNotFound - The action 'show' could not be found for UsersController:

Started POST "/__better_errors/c3682eecd05610b2/variables" for 127.0.0.1 at 2018-09-14 15:40:00 -0700
Started GET "/users/new" for 127.0.0.1 at 2018-09-14 15:40:08 -0700
Processing by UsersController#new as HTML
  Rendering users/new.html.erb within layouts/application
  Rendered users/new.html.erb within layouts/application (0.3ms)
Completed 200 OK in 17ms (Views: 16.3ms | ActiveRecord: 0.0ms)


Started GET "/users/new_user_url" for 127.0.0.1 at 2018-09-14 15:40:12 -0700

AbstractController::ActionNotFound - The action 'show' could not be found for UsersController:

Started POST "/__better_errors/176fbb8256849d24/variables" for 127.0.0.1 at 2018-09-14 15:40:12 -0700
Started GET "/users/new" for 127.0.0.1 at 2018-09-14 15:41:55 -0700
Processing by UsersController#new as HTML
  Rendering users/new.html.erb within layouts/application
  Rendered users/new.html.erb within layouts/application (0.6ms)
Completed 200 OK in 178ms (Views: 177.1ms | ActiveRecord: 0.0ms)


Started GET "/users/new_user_url?authenticity_token=dACgZMVuPMfP1RzqlI5Gf04lLgQDgSZYm%2BA5YAWPBK2g34wLx9swEH8%2F%2BmDagqwvtj0aFzNCvlbydWIQ9LKl0Q%3D%3D" for 127.0.0.1 at 2018-09-14 15:41:56 -0700

AbstractController::ActionNotFound - The action 'show' could not be found for UsersController:

Started POST "/__better_errors/bc46bfb913c4177d/variables" for 127.0.0.1 at 2018-09-14 15:41:56 -0700
Started GET "/users/new_user_url?authenticity_token=dACgZMVuPMfP1RzqlI5Gf04lLgQDgSZYm%2BA5YAWPBK2g34wLx9swEH8%2F%2BmDagqwvtj0aFzNCvlbydWIQ9LKl0Q%3D%3D" for 127.0.0.1 at 2018-09-14 15:42:15 -0700

AbstractController::ActionNotFound - The action 'show' could not be found for UsersController:

Started POST "/__better_errors/4537588cde8dbd6a/variables" for 127.0.0.1 at 2018-09-14 15:42:15 -0700
Started POST "/__better_errors/4537588cde8dbd6a/variables" for 127.0.0.1 at 2018-09-14 15:42:26 -0700
Started GET "/users/new" for 127.0.0.1 at 2018-09-14 15:42:27 -0700
Processing by UsersController#new as HTML
  Rendering users/new.html.erb within layouts/application
  Rendered users/new.html.erb within layouts/application (0.5ms)
Completed 200 OK in 72ms (Views: 71.3ms | ActiveRecord: 0.0ms)


Started POST "/users/new_user_url" for 127.0.0.1 at 2018-09-14 15:42:28 -0700
  
ActionController::RoutingError (No route matches [POST] "/users/new_user_url"):
  
actionpack (5.2.1) lib/action_dispatch/middleware/debug_exceptions.rb:65:in `call'
web-console (3.7.0) lib/web_console/middleware.rb:135:in `call_app'
web-console (3.7.0) lib/web_console/middleware.rb:30:in `block in call'
web-console (3.7.0) lib/web_console/middleware.rb:20:in `catch'
web-console (3.7.0) lib/web_console/middleware.rb:20:in `call'
actionpack (5.2.1) lib/action_dispatch/middleware/show_exceptions.rb:33:in `call'
railties (5.2.1) lib/rails/rack/logger.rb:38:in `call_app'
railties (5.2.1) lib/rails/rack/logger.rb:26:in `block in call'
activesupport (5.2.1) lib/active_support/tagged_logging.rb:71:in `block in tagged'
activesupport (5.2.1) lib/active_support/tagged_logging.rb:28:in `tagged'
activesupport (5.2.1) lib/active_support/tagged_logging.rb:71:in `tagged'
railties (5.2.1) lib/rails/rack/logger.rb:26:in `call'
sprockets-rails (3.2.1) lib/sprockets/rails/quiet_assets.rb:13:in `call'
actionpack (5.2.1) lib/action_dispatch/middleware/remote_ip.rb:81:in `call'
actionpack (5.2.1) lib/action_dispatch/middleware/request_id.rb:27:in `call'
rack (2.0.5) lib/rack/method_override.rb:22:in `call'
rack (2.0.5) lib/rack/runtime.rb:22:in `call'
activesupport (5.2.1) lib/active_support/cache/strategy/local_cache_middleware.rb:29:in `call'
actionpack (5.2.1) lib/action_dispatch/middleware/executor.rb:14:in `call'
actionpack (5.2.1) lib/action_dispatch/middleware/static.rb:127:in `call'
rack (2.0.5) lib/rack/sendfile.rb:111:in `call'
railties (5.2.1) lib/rails/engine.rb:524:in `call'
puma (3.12.0) lib/puma/configuration.rb:225:in `call'
puma (3.12.0) lib/puma/server.rb:658:in `handle_request'
puma (3.12.0) lib/puma/server.rb:472:in `process_client'
puma (3.12.0) lib/puma/server.rb:332:in `block in run'
puma (3.12.0) lib/puma/thread_pool.rb:133:in `block in spawn_thread'
Started GET "/users/new" for 127.0.0.1 at 2018-09-14 15:43:12 -0700
Processing by UsersController#new as HTML
  Rendering users/new.html.erb within layouts/application
  Rendered users/new.html.erb within layouts/application (0.8ms)
Completed 200 OK in 76ms (Views: 75.2ms | ActiveRecord: 0.0ms)


Started POST "/users/new" for 127.0.0.1 at 2018-09-14 15:43:13 -0700
  
ActionController::RoutingError (No route matches [POST] "/users/new"):
  
actionpack (5.2.1) lib/action_dispatch/middleware/debug_exceptions.rb:65:in `call'
web-console (3.7.0) lib/web_console/middleware.rb:135:in `call_app'
web-console (3.7.0) lib/web_console/middleware.rb:30:in `block in call'
web-console (3.7.0) lib/web_console/middleware.rb:20:in `catch'
web-console (3.7.0) lib/web_console/middleware.rb:20:in `call'
actionpack (5.2.1) lib/action_dispatch/middleware/show_exceptions.rb:33:in `call'
railties (5.2.1) lib/rails/rack/logger.rb:38:in `call_app'
railties (5.2.1) lib/rails/rack/logger.rb:26:in `block in call'
activesupport (5.2.1) lib/active_support/tagged_logging.rb:71:in `block in tagged'
activesupport (5.2.1) lib/active_support/tagged_logging.rb:28:in `tagged'
activesupport (5.2.1) lib/active_support/tagged_logging.rb:71:in `tagged'
railties (5.2.1) lib/rails/rack/logger.rb:26:in `call'
sprockets-rails (3.2.1) lib/sprockets/rails/quiet_assets.rb:13:in `call'
actionpack (5.2.1) lib/action_dispatch/middleware/remote_ip.rb:81:in `call'
actionpack (5.2.1) lib/action_dispatch/middleware/request_id.rb:27:in `call'
rack (2.0.5) lib/rack/method_override.rb:22:in `call'
rack (2.0.5) lib/rack/runtime.rb:22:in `call'
activesupport (5.2.1) lib/active_support/cache/strategy/local_cache_middleware.rb:29:in `call'
actionpack (5.2.1) lib/action_dispatch/middleware/executor.rb:14:in `call'
actionpack (5.2.1) lib/action_dispatch/middleware/static.rb:127:in `call'
rack (2.0.5) lib/rack/sendfile.rb:111:in `call'
railties (5.2.1) lib/rails/engine.rb:524:in `call'
puma (3.12.0) lib/puma/configuration.rb:225:in `call'
puma (3.12.0) lib/puma/server.rb:658:in `handle_request'
puma (3.12.0) lib/puma/server.rb:472:in `process_client'
puma (3.12.0) lib/puma/server.rb:332:in `block in run'
puma (3.12.0) lib/puma/thread_pool.rb:133:in `block in spawn_thread'
Started GET "/users/new" for 127.0.0.1 at 2018-09-14 15:43:20 -0700
Processing by UsersController#new as HTML
  Rendering users/new.html.erb within layouts/application
  Rendered users/new.html.erb within layouts/application (0.8ms)
Completed 200 OK in 20ms (Views: 19.7ms | ActiveRecord: 0.0ms)


Started GET "/users/new?authenticity_token=yIwaDvZQZu%2FBFhcLi%2BIlhxkVjZmAhPt0qqP2uY1eQQYcUzZh9OVqOHH88YHF7s%2FX4Q25irBHY3rDNq3JfGPgeg%3D%3D" for 127.0.0.1 at 2018-09-14 15:43:21 -0700
Processing by UsersController#new as HTML
  Parameters: {"authenticity_token"=>"yIwaDvZQZu/BFhcLi+IlhxkVjZmAhPt0qqP2uY1eQQYcUzZh9OVqOHH88YHF7s/X4Q25irBHY3rDNq3JfGPgeg=="}
  Rendering users/new.html.erb within layouts/application
  Rendered users/new.html.erb within layouts/application (0.7ms)
Completed 200 OK in 23ms (Views: 21.8ms | ActiveRecord: 0.0ms)


Started GET "/users/new?authenticity_token=Zkw9bolv%2BfH2oSOyKY%2BE%2BqCQYfl3fqSioCimCoinRoKykxEBi9r1JkZLxThng26qWIhV6ke9PKzJvf16eZrn%2Fg%3D%3D" for 127.0.0.1 at 2018-09-14 15:43:22 -0700
Processing by UsersController#new as HTML
  Parameters: {"authenticity_token"=>"Zkw9bolv+fH2oSOyKY+E+qCQYfl3fqSioCimCoinRoKykxEBi9r1JkZLxThng26qWIhV6ke9PKzJvf16eZrn/g=="}
  Rendering users/new.html.erb within layouts/application
  Rendered users/new.html.erb within layouts/application (1.7ms)
Completed 200 OK in 24ms (Views: 22.7ms | ActiveRecord: 0.0ms)


Started GET "/users/new?authenticity_token=3t%2BV76Z8my1Ku4Z7sJy%2FqEiJr6R0DdgBnfoJGkXXPL0KALmApMmX%2BvpRYPH%2BkFX4sJGbt0TOQA%2F0b1JqtOqdwQ%3D%3D" for 127.0.0.1 at 2018-09-14 15:43:22 -0700
Processing by UsersController#new as HTML
  Parameters: {"authenticity_token"=>"3t+V76Z8my1Ku4Z7sJy/qEiJr6R0DdgBnfoJGkXXPL0KALmApMmX+vpRYPH+kFX4sJGbt0TOQA/0b1JqtOqdwQ=="}
  Rendering users/new.html.erb within layouts/application
  Rendered users/new.html.erb within layouts/application (0.5ms)
Completed 200 OK in 25ms (Views: 24.2ms | ActiveRecord: 0.0ms)


Started GET "/users/new?authenticity_token=O0bYMi3%2FdVSyu3%2FaXoaRpYpKJimsIrJHtK8j4iTjg1fvmfRdL0p5gwJRmVAQinv1clISOpzhKkndOniS1d4iKw%3D%3D" for 127.0.0.1 at 2018-09-14 15:43:22 -0700
Processing by UsersController#new as HTML
  Parameters: {"authenticity_token"=>"O0bYMi3/dVSyu3/aXoaRpYpKJimsIrJHtK8j4iTjg1fvmfRdL0p5gwJRmVAQinv1clISOpzhKkndOniS1d4iKw=="}
  Rendering users/new.html.erb within layouts/application
  Rendered users/new.html.erb within layouts/application (0.6ms)
Completed 200 OK in 25ms (Views: 24.4ms | ActiveRecord: 0.0ms)


Started GET "/users/new?authenticity_token=ZgVAJrWGWYiIFeixhrcT8x%2FQO45YnZ333q3nLzez90ey2mxJtzNVXzj%2FDjvIu%2Fmj58gPnWheBfm3OLxfxo5WOw%3D%3D" for 127.0.0.1 at 2018-09-14 15:43:22 -0700
Processing by UsersController#new as HTML
  Parameters: {"authenticity_token"=>"ZgVAJrWGWYiIFeixhrcT8x/QO45YnZ333q3nLzez90ey2mxJtzNVXzj/DjvIu/mj58gPnWheBfm3OLxfxo5WOw=="}
  Rendering users/new.html.erb within layouts/application
  Rendered users/new.html.erb within layouts/application (0.6ms)
Completed 200 OK in 37ms (Views: 19.7ms | ActiveRecord: 0.0ms)


Started GET "/users/new?authenticity_token=VSMGpQ8ostiMwxshdO%2B3t6KDH1FKUis%2BSs0kOZ07JVWB%2FCrKDZ2%2BDzwp%2Fas6413nWpsrQnqRszAjWH9JbAaEKQ%3D%3D" for 127.0.0.1 at 2018-09-14 15:43:23 -0700
Processing by UsersController#new as HTML
  Parameters: {"authenticity_token"=>"VSMGpQ8ostiMwxshdO+3t6KDH1FKUis+Ss0kOZ07JVWB/CrKDZ2+Dzwp/as6413nWpsrQnqRszAjWH9JbAaEKQ=="}
  Rendering users/new.html.erb within layouts/application
  Rendered users/new.html.erb within layouts/application (0.6ms)
Completed 200 OK in 25ms (Views: 24.0ms | ActiveRecord: 0.0ms)


Started GET "/users/new?authenticity_token=dKIcYu5VMIy5dGC8468w2LnDi3G3BCjqsB7w5NKeRaygfTAN7OA8Wwmehjato9qIQdu%2FYofHsOTZi6uUI6Pk0A%3D%3D" for 127.0.0.1 at 2018-09-14 15:43:23 -0700
Processing by UsersController#new as HTML
  Parameters: {"authenticity_token"=>"dKIcYu5VMIy5dGC8468w2LnDi3G3BCjqsB7w5NKeRaygfTAN7OA8Wwmehjato9qIQdu/YofHsOTZi6uUI6Pk0A=="}
  Rendering users/new.html.erb within layouts/application
  Rendered users/new.html.erb within layouts/application (1.6ms)
Completed 200 OK in 26ms (Views: 25.7ms | ActiveRecord: 0.0ms)


Started GET "/users/new?authenticity_token=u8VQhrQqpwvaCx5%2FAvL4ioTA1yTCqHTWHW65RweKgPNvGnzptp%2Br3Grh%2BPVM%2FhLafNjjN%2FJr7Nh0%2B%2BI39rchjw%3D%3D" for 127.0.0.1 at 2018-09-14 15:43:23 -0700
Processing by UsersController#new as HTML
  Parameters: {"authenticity_token"=>"u8VQhrQqpwvaCx5/AvL4ioTA1yTCqHTWHW65RweKgPNvGnzptp+r3Grh+PVM/hLafNjjN/Jr7Nh0++I39rchjw=="}
  Rendering users/new.html.erb within layouts/application
  Rendered users/new.html.erb within layouts/application (0.6ms)
Completed 200 OK in 23ms (Views: 21.8ms | ActiveRecord: 0.0ms)


Started GET "/users/new?authenticity_token=2ms%2FxCIxl6vkKAVTzFGe6Pq%2FVCIyLaNkzrXOVSml3IcOtBOrIISbfFTC49mCXXS4AqdgMQLuO2qnIJUl2Jh9%2Bw%3D%3D" for 127.0.0.1 at 2018-09-14 15:43:23 -0700
Processing by UsersController#new as HTML
  Parameters: {"authenticity_token"=>"2ms/xCIxl6vkKAVTzFGe6Pq/VCIyLaNkzrXOVSml3IcOtBOrIISbfFTC49mCXXS4AqdgMQLuO2qnIJUl2Jh9+w=="}
  Rendering users/new.html.erb within layouts/application
  Rendered users/new.html.erb within layouts/application (0.6ms)
Completed 200 OK in 21ms (Views: 20.5ms | ActiveRecord: 0.0ms)


Started GET "/users/new?authenticity_token=2Mx370RPIhbiyuVhS0r2VRmEkuLDNdYhO6TTgQGDx1oME1uARvouwVIgA%2BsFRhwF4Zym8fP2Ti9SMYjx8L5mJg%3D%3D" for 127.0.0.1 at 2018-09-14 15:43:23 -0700
Processing by UsersController#new as HTML
  Parameters: {"authenticity_token"=>"2Mx370RPIhbiyuVhS0r2VRmEkuLDNdYhO6TTgQGDx1oME1uARvouwVIgA+sFRhwF4Zym8fP2Ti9SMYjx8L5mJg=="}
  Rendering users/new.html.erb within layouts/application
  Rendered users/new.html.erb within layouts/application (0.6ms)
Completed 200 OK in 22ms (Views: 21.3ms | ActiveRecord: 0.0ms)


Started GET "/users/new?authenticity_token=Jo1f7VsJz2B4%2FElBrpW%2FY3CMzIMLoCxBBOrVEhqYLHjyUnOCWbzDt8gWr8vgmVUziJT4kDtjtE9tf45i66WNBA%3D%3D" for 127.0.0.1 at 2018-09-14 15:43:23 -0700
Processing by UsersController#new as HTML
  Parameters: {"authenticity_token"=>"Jo1f7VsJz2B4/ElBrpW/Y3CMzIMLoCxBBOrVEhqYLHjyUnOCWbzDt8gWr8vgmVUziJT4kDtjtE9tf45i66WNBA=="}
  Rendering users/new.html.erb within layouts/application
  Rendered users/new.html.erb within layouts/application (0.7ms)
Completed 200 OK in 23ms (Views: 22.1ms | ActiveRecord: 0.0ms)


Started GET "/users/new?authenticity_token=o9rKB%2FglQMez8pDj4fobD2KahMxxxaShF5RQYX8so4h3BeZo%2BpBMEAMYdmmv9vFfmoKw30EGPK9%2BAQsRjhEC9A%3D%3D" for 127.0.0.1 at 2018-09-14 15:43:24 -0700
Processing by UsersController#new as HTML
  Parameters: {"authenticity_token"=>"o9rKB/glQMez8pDj4fobD2KahMxxxaShF5RQYX8so4h3BeZo+pBMEAMYdmmv9vFfmoKw30EGPK9+AQsRjhEC9A=="}
  Rendering users/new.html.erb within layouts/application
  Rendered users/new.html.erb within layouts/application (0.6ms)
Completed 200 OK in 25ms (Views: 24.4ms | ActiveRecord: 0.0ms)


Started GET "/users/new?authenticity_token=EtybHBmmVkH1sK3AFUidIcFd2C5iwMft4lFvcYDUGNnGA7dzGxNalkVaS0pbRHdxOUXsPVIDX%2BOLxDQBcem5pQ%3D%3D" for 127.0.0.1 at 2018-09-14 15:43:24 -0700
Processing by UsersController#new as HTML
  Parameters: {"authenticity_token"=>"EtybHBmmVkH1sK3AFUidIcFd2C5iwMft4lFvcYDUGNnGA7dzGxNalkVaS0pbRHdxOUXsPVIDX+OLxDQBcem5pQ=="}
  Rendering users/new.html.erb within layouts/application
  Rendered users/new.html.erb within layouts/application (0.8ms)
Completed 200 OK in 30ms (Views: 28.9ms | ActiveRecord: 0.0ms)


Started GET "/users/new?authenticity_token=opQhD5Qa6pDWYtrF2MS6Yi%2FBMnYw6%2BOUZwKWMp8ShGF2Sw1glq%2FmR2aIPE%2BWyFAy19kGZQAoe5oOl81Cbi8lHQ%3D%3D" for 127.0.0.1 at 2018-09-14 15:43:24 -0700
Processing by UsersController#new as HTML
  Parameters: {"authenticity_token"=>"opQhD5Qa6pDWYtrF2MS6Yi/BMnYw6+OUZwKWMp8ShGF2Sw1glq/mR2aIPE+WyFAy19kGZQAoe5oOl81Cbi8lHQ=="}
  Rendering users/new.html.erb within layouts/application
  Rendered users/new.html.erb within layouts/application (0.5ms)
Completed 200 OK in 22ms (Views: 21.4ms | ActiveRecord: 0.0ms)


Started GET "/users/new?authenticity_token=2P9BLaxKWw2FhbwAwWDZ7lomsMDsnSUeckSuZdrHPwsMIG1Crv9X2jVvWoqPbDO%2Boj6E09xevRAb0fUVK%2Fqedw%3D%3D" for 127.0.0.1 at 2018-09-14 15:43:24 -0700
Processing by UsersController#new as HTML
  Parameters: {"authenticity_token"=>"2P9BLaxKWw2FhbwAwWDZ7lomsMDsnSUeckSuZdrHPwsMIG1Crv9X2jVvWoqPbDO+oj6E09xevRAb0fUVK/qedw=="}
  Rendering users/new.html.erb within layouts/application
  Rendered users/new.html.erb within layouts/application (0.7ms)
Completed 200 OK in 23ms (Views: 21.9ms | ActiveRecord: 0.0ms)


Started GET "/users/new?authenticity_token=2P9BLaxKWw2FhbwAwWDZ7lomsMDsnSUeckSuZdrHPwsMIG1Crv9X2jVvWoqPbDO%2Boj6E09xevRAb0fUVK%2Fqedw%3D%3D" for 127.0.0.1 at 2018-09-14 15:43:56 -0700
Processing by UsersController#new as HTML
  Parameters: {"authenticity_token"=>"2P9BLaxKWw2FhbwAwWDZ7lomsMDsnSUeckSuZdrHPwsMIG1Crv9X2jVvWoqPbDO+oj6E09xevRAb0fUVK/qedw=="}
  Rendering users/new.html.erb within layouts/application
  Rendered users/new.html.erb within layouts/application (1.0ms)
Completed 200 OK in 76ms (Views: 74.8ms | ActiveRecord: 0.0ms)


Started GET "/users/new?authenticity_token=2P9BLaxKWw2FhbwAwWDZ7lomsMDsnSUeckSuZdrHPwsMIG1Crv9X2jVvWoqPbDO%2Boj6E09xevRAb0fUVK%2Fqedw%3D%3D" for 127.0.0.1 at 2018-09-14 15:43:59 -0700
Processing by UsersController#new as HTML
  Parameters: {"authenticity_token"=>"2P9BLaxKWw2FhbwAwWDZ7lomsMDsnSUeckSuZdrHPwsMIG1Crv9X2jVvWoqPbDO+oj6E09xevRAb0fUVK/qedw=="}
  Rendering users/new.html.erb within layouts/application
  Rendered users/new.html.erb within layouts/application (0.9ms)
Completed 200 OK in 23ms (Views: 21.2ms | ActiveRecord: 0.0ms)


Started GET "/users/new?authenticity_token=2P9BLaxKWw2FhbwAwWDZ7lomsMDsnSUeckSuZdrHPwsMIG1Crv9X2jVvWoqPbDO%2Boj6E09xevRAb0fUVK%2Fqedw%3D%3D" for 127.0.0.1 at 2018-09-14 15:44:21 -0700
Processing by UsersController#new as HTML
  Parameters: {"authenticity_token"=>"2P9BLaxKWw2FhbwAwWDZ7lomsMDsnSUeckSuZdrHPwsMIG1Crv9X2jVvWoqPbDO+oj6E09xevRAb0fUVK/qedw=="}
  Rendering users/new.html.erb within layouts/application
  Rendered users/new.html.erb within layouts/application (0.6ms)
Completed 200 OK in 23ms (Views: 22.5ms | ActiveRecord: 0.0ms)


Started GET "/users/new?authenticity_token=znvy8SbIsLyUwHXwCUIf0twwyUYGj%2B49hg12K7rn7xkapN6eJH28ayQqk3pHTvWCJCj9VTZMdjPvmC1bS9pOZQ%3D%3D" for 127.0.0.1 at 2018-09-14 15:44:23 -0700
Processing by UsersController#new as HTML
  Parameters: {"authenticity_token"=>"znvy8SbIsLyUwHXwCUIf0twwyUYGj+49hg12K7rn7xkapN6eJH28ayQqk3pHTvWCJCj9VTZMdjPvmC1bS9pOZQ=="}
  Rendering users/new.html.erb within layouts/application
  Rendered users/new.html.erb within layouts/application (0.5ms)
Completed 200 OK in 23ms (Views: 22.7ms | ActiveRecord: 0.0ms)


Started GET "/users/new?authenticity_token=iXVqC7rcEr7sPX2X5DO%2BZfRS%2FOFAhtlqcCc%2BPP8kbW9dqkZkuGkeaVzXmx2qP1Q1DErI8nBFQWQZsmVMDhnMEw%3D%3D" for 127.0.0.1 at 2018-09-14 15:44:23 -0700
Processing by UsersController#new as HTML
  Parameters: {"authenticity_token"=>"iXVqC7rcEr7sPX2X5DO+ZfRS/OFAhtlqcCc+PP8kbW9dqkZkuGkeaVzXmx2qP1Q1DErI8nBFQWQZsmVMDhnMEw=="}
  Rendering users/new.html.erb within layouts/application
  Rendered users/new.html.erb within layouts/application (0.5ms)
Completed 200 OK in 38ms (Views: 36.7ms | ActiveRecord: 0.0ms)


Started GET "/users/new?authenticity_token=cExWaJXP3Jo6dZhkQloeUZ5WDO7kL%2BYlAESxlppvpCykk3oHl3rQTYqffu4MVvQBZk44%2FdTsfitp0erma1IFUA%3D%3D" for 127.0.0.1 at 2018-09-14 15:44:23 -0700
Processing by UsersController#new as HTML
  Parameters: {"authenticity_token"=>"cExWaJXP3Jo6dZhkQloeUZ5WDO7kL+YlAESxlppvpCykk3oHl3rQTYqffu4MVvQBZk44/dTsfitp0erma1IFUA=="}
  Rendering users/new.html.erb within layouts/application
  Rendered users/new.html.erb within layouts/application (0.5ms)
Completed 200 OK in 19ms (Views: 18.4ms | ActiveRecord: 0.0ms)


Started GET "/users/new?authenticity_token=iuWHwnlJPtF%2FwahD80XbHnSP9j1amI0xHtEYUFTc5apeOqute%2FwyBs8rTsm9STFOjJfCLmpbFT93REMgpeFE1g%3D%3D" for 127.0.0.1 at 2018-09-14 15:44:24 -0700
Processing by UsersController#new as HTML
  Parameters: {"authenticity_token"=>"iuWHwnlJPtF/wahD80XbHnSP9j1amI0xHtEYUFTc5apeOqute/wyBs8rTsm9STFOjJfCLmpbFT93REMgpeFE1g=="}
  Rendering users/new.html.erb within layouts/application
  Rendered users/new.html.erb within layouts/application (0.6ms)
Completed 200 OK in 19ms (Views: 18.2ms | ActiveRecord: 0.0ms)


Started GET "/users/new?authenticity_token=XP4X%2BXzz7OAoxLmQLMdCsgDAd7v5ztpPmHI%2FTfq4I0eIITuWfkbgN5guXxpiy6ji%2BNhDqMkNQkHx52Q9C4WCOw%3D%3D" for 127.0.0.1 at 2018-09-14 15:44:24 -0700
Processing by UsersController#new as HTML
  Parameters: {"authenticity_token"=>"XP4X+Xzz7OAoxLmQLMdCsgDAd7v5ztpPmHI/Tfq4I0eIITuWfkbgN5guXxpiy6ji+NhDqMkNQkHx52Q9C4WCOw=="}
  Rendering users/new.html.erb within layouts/application
  Rendered users/new.html.erb within layouts/application (0.6ms)
Completed 200 OK in 20ms (Views: 19.1ms | ActiveRecord: 0.0ms)


Started GET "/users/new?authenticity_token=p7vezd9u5M0TS3lHKJpRnpYhW1orfTHDQxesO5yZzvVzZPKi3dvoGqOhn81mlrvObjlvSRu%2Bqc0qgvdLbaRviQ%3D%3D" for 127.0.0.1 at 2018-09-14 15:44:24 -0700
Processing by UsersController#new as HTML
  Parameters: {"authenticity_token"=>"p7vezd9u5M0TS3lHKJpRnpYhW1orfTHDQxesO5yZzvVzZPKi3dvoGqOhn81mlrvObjlvSRu+qc0qgvdLbaRviQ=="}
  Rendering users/new.html.erb within layouts/application
  Rendered users/new.html.erb within layouts/application (0.6ms)
Completed 200 OK in 18ms (Views: 17.7ms | ActiveRecord: 0.0ms)


Started GET "/users/new?authenticity_token=8bIGoRSJzALpTlVOOj%2BFIiAvDAos6ZEc1HxAgkWoKrslbSrOFjzA1Vmks8R0M29y2Dc4GRwqCRK96RvytJWLxw%3D%3D" for 127.0.0.1 at 2018-09-14 15:44:24 -0700
Processing by UsersController#new as HTML
  Parameters: {"authenticity_token"=>"8bIGoRSJzALpTlVOOj+FIiAvDAos6ZEc1HxAgkWoKrslbSrOFjzA1Vmks8R0M29y2Dc4GRwqCRK96RvytJWLxw=="}
  Rendering users/new.html.erb within layouts/application
  Rendered users/new.html.erb within layouts/application (0.6ms)
Completed 200 OK in 19ms (Views: 18.0ms | ActiveRecord: 0.0ms)


Started GET "/users/new?authenticity_token=lS34Q48n83yFD%2B5mVsdlBubpegSVGesMoEZBayqrxd1B8tQsjZL%2FqzXlCOwYy49WHvFOF6XacwLJ0xob25ZkoQ%3D%3D" for 127.0.0.1 at 2018-09-14 15:44:24 -0700
Processing by UsersController#new as HTML
  Parameters: {"authenticity_token"=>"lS34Q48n83yFD+5mVsdlBubpegSVGesMoEZBayqrxd1B8tQsjZL/qzXlCOwYy49WHvFOF6XacwLJ0xob25ZkoQ=="}
  Rendering users/new.html.erb within layouts/application
  Rendered users/new.html.erb within layouts/application (0.7ms)
Completed 200 OK in 19ms (Views: 18.7ms | ActiveRecord: 0.0ms)


Started GET "/users/new?authenticity_token=w%2FQEjAaxKbKyiNxl7%2FJOxo%2FsHg1AxLBYsIRBwYlzFpoXKyjjBAQlZQJiOu%2Bh%2FqSWd%2FQqHnAHKFbZERqxeE635g%3D%3D" for 127.0.0.1 at 2018-09-14 15:44:24 -0700
Processing by UsersController#new as HTML
  Parameters: {"authenticity_token"=>"w/QEjAaxKbKyiNxl7/JOxo/sHg1AxLBYsIRBwYlzFpoXKyjjBAQlZQJiOu+h/qSWd/QqHnAHKFbZERqxeE635g=="}
  Rendering users/new.html.erb within layouts/application
  Rendered users/new.html.erb within layouts/application (0.6ms)
Completed 200 OK in 19ms (Views: 18.1ms | ActiveRecord: 0.0ms)


Started GET "/users/new?authenticity_token=5uM%2BPDF7jHHaZAA7qS1eTacceQWHXfcx%2BpbtCC6gQx4yPBJTM86ApmqO5rHnIbQdXwRNFreebz%2BTA7Z4353iYg%3D%3D" for 127.0.0.1 at 2018-09-14 15:44:24 -0700
Processing by UsersController#new as HTML
  Parameters: {"authenticity_token"=>"5uM+PDF7jHHaZAA7qS1eTacceQWHXfcx+pbtCC6gQx4yPBJTM86ApmqO5rHnIbQdXwRNFreebz+TA7Z4353iYg=="}
  Rendering users/new.html.erb within layouts/application
  Rendered users/new.html.erb within layouts/application (0.7ms)
Completed 200 OK in 20ms (Views: 19.0ms | ActiveRecord: 0.0ms)


Started GET "/users/new?authenticity_token=ljQNNAg%2BMIovliWdKGi5kPLw%2FbIICRLfvPqEC28jPQpC6yFbCos8XZ98wxdmZFPACujJoTjKitHVb997nh6cdg%3D%3D" for 127.0.0.1 at 2018-09-14 15:44:25 -0700
Processing by UsersController#new as HTML
  Parameters: {"authenticity_token"=>"ljQNNAg+MIovliWdKGi5kPLw/bIICRLfvPqEC28jPQpC6yFbCos8XZ98wxdmZFPACujJoTjKitHVb997nh6cdg=="}
  Rendering users/new.html.erb within layouts/application
  Rendered users/new.html.erb within layouts/application (0.6ms)
Completed 200 OK in 19ms (Views: 18.4ms | ActiveRecord: 0.0ms)


Started GET "/users/new?authenticity_token=coLep%2FlGQKpYDp9xn8LRewy3ETlxsVCd%2B2%2FEfUX%2F9zSmXfLI%2B%2FNMfejkefvRzjsr9K8lKkFyyJOS%2Bp8NtMJWSA%3D%3D" for 127.0.0.1 at 2018-09-14 15:44:25 -0700
Processing by UsersController#new as HTML
  Parameters: {"authenticity_token"=>"coLep/lGQKpYDp9xn8LRewy3ETlxsVCd+2/EfUX/9zSmXfLI+/NMfejkefvRzjsr9K8lKkFyyJOS+p8NtMJWSA=="}
  Rendering users/new.html.erb within layouts/application
  Rendered users/new.html.erb within layouts/application (0.6ms)
Completed 200 OK in 23ms (Views: 22.3ms | ActiveRecord: 0.0ms)


Started GET "/users/new?authenticity_token=coLep%2FlGQKpYDp9xn8LRewy3ETlxsVCd%2B2%2FEfUX%2F9zSmXfLI%2B%2FNMfejkefvRzjsr9K8lKkFyyJOS%2Bp8NtMJWSA%3D%3D" for 127.0.0.1 at 2018-09-14 15:44:35 -0700
Processing by UsersController#new as HTML
  Parameters: {"authenticity_token"=>"coLep/lGQKpYDp9xn8LRewy3ETlxsVCd+2/EfUX/9zSmXfLI+/NMfejkefvRzjsr9K8lKkFyyJOS+p8NtMJWSA=="}
  Rendering users/new.html.erb within layouts/application
  Rendered users/new.html.erb within layouts/application (0.7ms)
Completed 200 OK in 36ms (Views: 35.8ms | ActiveRecord: 0.0ms)


Started GET "/users/new?authenticity_token=myGRYFki7IziGnG3HJ9DF30HeNiYUXdqBay6tjXLgThP%2Fr0PW5fgW1Lwlz1Sk6lHhR9My6iS72RsOeHGxPYgRA%3D%3D" for 127.0.0.1 at 2018-09-14 15:44:36 -0700
Processing by UsersController#new as HTML
  Parameters: {"authenticity_token"=>"myGRYFki7IziGnG3HJ9DF30HeNiYUXdqBay6tjXLgThP/r0PW5fgW1Lwlz1Sk6lHhR9My6iS72RsOeHGxPYgRA=="}
  Rendering users/new.html.erb within layouts/application
  Rendered users/new.html.erb within layouts/application (0.6ms)
Completed 200 OK in 19ms (Views: 18.1ms | ActiveRecord: 0.0ms)


Started GET "/users/new?authenticity_token=d2Ii0wvnU8L8k7wBG514%2BKBfxsg%2FKxLnGGrPGXD3ANmjvQ68CVJfFUx5WotVkZKoWEfy2w%2Foiulx%2F5RpgcqhpQ%3D%3D" for 127.0.0.1 at 2018-09-14 15:44:36 -0700
Processing by UsersController#new as HTML
  Parameters: {"authenticity_token"=>"d2Ii0wvnU8L8k7wBG514+KBfxsg/KxLnGGrPGXD3ANmjvQ68CVJfFUx5WotVkZKoWEfy2w/oiulx/5RpgcqhpQ=="}
  Rendering users/new.html.erb within layouts/application
  Rendered users/new.html.erb within layouts/application (0.8ms)
Completed 200 OK in 20ms (Views: 18.8ms | ActiveRecord: 0.0ms)


Started GET "/users/new?authenticity_token=0z788KZx5K8KqlTbvSHdmgw3pjCLjCkU%2BSHFhKEJJf0H4dCfpMToeLpAslHzLTfK9C%2BSI7tPsRqQtJ70UDSEgQ%3D%3D" for 127.0.0.1 at 2018-09-14 15:44:36 -0700
Processing by UsersController#new as HTML
  Parameters: {"authenticity_token"=>"0z788KZx5K8KqlTbvSHdmgw3pjCLjCkU+SHFhKEJJf0H4dCfpMToeLpAslHzLTfK9C+SI7tPsRqQtJ70UDSEgQ=="}
  Rendering users/new.html.erb within layouts/application
  Rendered users/new.html.erb within layouts/application (1.3ms)
Completed 200 OK in 19ms (Views: 18.6ms | ActiveRecord: 0.0ms)


Started GET "/users/new?authenticity_token=0z788KZx5K8KqlTbvSHdmgw3pjCLjCkU%2BSHFhKEJJf0H4dCfpMToeLpAslHzLTfK9C%2BSI7tPsRqQtJ70UDSEgQ%3D%3D" for 127.0.0.1 at 2018-09-14 15:45:01 -0700
Processing by UsersController#new as HTML
  Parameters: {"authenticity_token"=>"0z788KZx5K8KqlTbvSHdmgw3pjCLjCkU+SHFhKEJJf0H4dCfpMToeLpAslHzLTfK9C+SI7tPsRqQtJ70UDSEgQ=="}
  Rendering users/new.html.erb within layouts/application
  Rendered users/new.html.erb within layouts/application (0.6ms)
Completed 200 OK in 78ms (Views: 77.6ms | ActiveRecord: 0.0ms)


Started GET "/users/new?authenticity_token=EGF2B2U77jFZMNeawnfBczATJ3bqN%2BDMA0Aa2nM5UOnEvlpoZ47i5unaMRCMeysjyAsTZdr0eMJq1UGqggTxlQ%3D%3D" for 127.0.0.1 at 2018-09-14 15:45:04 -0700
Processing by UsersController#new as HTML
  Parameters: {"authenticity_token"=>"EGF2B2U77jFZMNeawnfBczATJ3bqN+DMA0Aa2nM5UOnEvlpoZ47i5unaMRCMeysjyAsTZdr0eMJq1UGqggTxlQ=="}
  Rendering users/new.html.erb within layouts/application
  Rendered users/new.html.erb within layouts/application (0.8ms)
Completed 200 OK in 20ms (Views: 19.5ms | ActiveRecord: 0.0ms)


Started GET "/users/new?authenticity_token=zj9yjicxMF4oOZba2psl5ZnijwxXGVwu2K9yIRY%2B7Qoa4F7hJYQ8iZjTcFCUl8%2B1Yfq7H2faxCCxOilR5wNMdg%3D%3D" for 127.0.0.1 at 2018-09-14 15:45:04 -0700
Processing by UsersController#new as HTML
  Parameters: {"authenticity_token"=>"zj9yjicxMF4oOZba2psl5ZnijwxXGVwu2K9yIRY+7Qoa4F7hJYQ8iZjTcFCUl8+1Yfq7H2faxCCxOilR5wNMdg=="}
  Rendering users/new.html.erb within layouts/application
  Rendered users/new.html.erb within layouts/application (0.6ms)
Completed 200 OK in 20ms (Views: 18.9ms | ActiveRecord: 0.0ms)


Started GET "/users/new?authenticity_token=D6pi5IeNVRlA8YmQH3%2Fmk3N0iCH0YqrHGLpPVyquNcTbdU6LhThZzvAbbxpRcwzDi2y8MsShMslxLxQn25OUuA%3D%3D" for 127.0.0.1 at 2018-09-14 15:45:05 -0700
Processing by UsersController#new as HTML
  Parameters: {"authenticity_token"=>"D6pi5IeNVRlA8YmQH3/mk3N0iCH0YqrHGLpPVyquNcTbdU6LhThZzvAbbxpRcwzDi2y8MsShMslxLxQn25OUuA=="}
  Rendering users/new.html.erb within layouts/application
  Rendered users/new.html.erb within layouts/application (0.5ms)
Completed 200 OK in 18ms (Views: 17.3ms | ActiveRecord: 0.0ms)


Started GET "/users/new?authenticity_token=YmAngIGnnhhw05%2BkyVqSndR0pY1Tjcc9ALWXm6x1gpi2vwvvgxKSz8A5eS6HVnjNLGyRnmNOXzNpIMzrXUgj5A%3D%3D" for 127.0.0.1 at 2018-09-14 15:45:05 -0700
Processing by UsersController#new as HTML
  Parameters: {"authenticity_token"=>"YmAngIGnnhhw05+kyVqSndR0pY1Tjcc9ALWXm6x1gpi2vwvvgxKSz8A5eS6HVnjNLGyRnmNOXzNpIMzrXUgj5A=="}
  Rendering users/new.html.erb within layouts/application
  Rendered users/new.html.erb within layouts/application (0.6ms)
Completed 200 OK in 18ms (Views: 17.5ms | ActiveRecord: 0.0ms)


Started GET "/users/new?authenticity_token=0CrEK30IjAQnTLYB7WumzUQW8LxBpTQk08EakHG8wwoE9ehEf72A05emUIujZ0ydvA7Er3FmrCq6VEHggIFidg%3D%3D" for 127.0.0.1 at 2018-09-14 15:45:06 -0700
Processing by UsersController#new as HTML
  Parameters: {"authenticity_token"=>"0CrEK30IjAQnTLYB7WumzUQW8LxBpTQk08EakHG8wwoE9ehEf72A05emUIujZ0ydvA7Er3FmrCq6VEHggIFidg=="}
  Rendering users/new.html.erb within layouts/application
  Rendered users/new.html.erb within layouts/application (1.1ms)
Completed 200 OK in 20ms (Views: 19.5ms | ActiveRecord: 0.0ms)


Started GET "/users/new?authenticity_token=J6VvKDwZZNSXdr%2FVWXZ49dWKDZszllC0d%2FbtzzY1Q8DzekNHPqxoAyecWV8XepKlLZI5iANVyLoeY7a%2FxwjivA%3D%3D" for 127.0.0.1 at 2018-09-14 15:45:06 -0700
Processing by UsersController#new as HTML
  Parameters: {"authenticity_token"=>"J6VvKDwZZNSXdr/VWXZ49dWKDZszllC0d/btzzY1Q8DzekNHPqxoAyecWV8XepKlLZI5iANVyLoeY7a/xwjivA=="}
  Rendering users/new.html.erb within layouts/application
  Rendered users/new.html.erb within layouts/application (0.6ms)
Completed 200 OK in 18ms (Views: 17.7ms | ActiveRecord: 0.0ms)


Started GET "/users/new?authenticity_token=fcH74%2FTXF0on9AOS8bO%2Bb6mIAZGyQtSXTEGLgOmcm9mpHteM9mIbnZce5Ri%2Fv1Q%2FUZA1goKBTJkl1NDwGKE6pQ%3D%3D" for 127.0.0.1 at 2018-09-14 15:45:06 -0700
Processing by UsersController#new as HTML
  Parameters: {"authenticity_token"=>"fcH74/TXF0on9AOS8bO+b6mIAZGyQtSXTEGLgOmcm9mpHteM9mIbnZce5Ri/v1Q/UZA1goKBTJkl1NDwGKE6pQ=="}
  Rendering users/new.html.erb within layouts/application
  Rendered users/new.html.erb within layouts/application (0.5ms)
Completed 200 OK in 19ms (Views: 18.2ms | ActiveRecord: 0.0ms)


Started GET "/users/new?authenticity_token=88%2FGQE0CJG9oxcblmYnodkSqEtcvU70nP811xNa8zyYnEOovT7couNgvIG%2FXhQImvLImxB%2BQJSlWWC60J4FuWg%3D%3D" for 127.0.0.1 at 2018-09-14 15:45:08 -0700
Processing by UsersController#new as HTML
  Parameters: {"authenticity_token"=>"88/GQE0CJG9oxcblmYnodkSqEtcvU70nP811xNa8zyYnEOovT7couNgvIG/XhQImvLImxB+QJSlWWC60J4FuWg=="}
  Rendering users/new.html.erb within layouts/application
  Rendered users/new.html.erb within layouts/application (1.3ms)
Completed 200 OK in 24ms (Views: 23.1ms | ActiveRecord: 0.0ms)


Started GET "/users/new?authenticity_token=aCY1p9rhxb32wGktthAdrsfbqOHZ3ZMSsdWszI4WVU%2B8%2BRnI2FTJakYqj6f4HPf%2BP8Oc8ukeCxzYQPe8fyv0Mw%3D%3D" for 127.0.0.1 at 2018-09-14 15:45:08 -0700
Processing by UsersController#new as HTML
  Parameters: {"authenticity_token"=>"aCY1p9rhxb32wGktthAdrsfbqOHZ3ZMSsdWszI4WVU+8+RnI2FTJakYqj6f4HPf+P8Oc8ukeCxzYQPe8fyv0Mw=="}
  Rendering users/new.html.erb within layouts/application
  Rendered users/new.html.erb within layouts/application (0.6ms)
Completed 200 OK in 19ms (Views: 18.3ms | ActiveRecord: 0.0ms)


Started GET "/users/new?authenticity_token=LlyVJUXwnt3cRecXWUFv47SkokfjDnda%2Ft03jCo1Jhz6g7lKR0WSCmyvAZ0XTYWzTLyWVNPN71SXSGz82wiHYA%3D%3D" for 127.0.0.1 at 2018-09-14 15:45:09 -0700
Processing by UsersController#new as HTML
  Parameters: {"authenticity_token"=>"LlyVJUXwnt3cRecXWUFv47SkokfjDnda/t03jCo1Jhz6g7lKR0WSCmyvAZ0XTYWzTLyWVNPN71SXSGz82wiHYA=="}
  Rendering users/new.html.erb within layouts/application
  Rendered users/new.html.erb within layouts/application (0.6ms)
Completed 200 OK in 20ms (Views: 18.7ms | ActiveRecord: 0.0ms)


Started GET "/users/new?authenticity_token=1mx%2FhN9ksI%2B4byZUIZZPj%2F4zGGwcLd0XTEg8J5K15W8Cs1Pr3dG8WAiFwN5vmqXfBissfyzuRRkl3WdXY4hEEw%3D%3D" for 127.0.0.1 at 2018-09-14 15:45:09 -0700
Processing by UsersController#new as HTML
  Parameters: {"authenticity_token"=>"1mx/hN9ksI+4byZUIZZPj/4zGGwcLd0XTEg8J5K15W8Cs1Pr3dG8WAiFwN5vmqXfBissfyzuRRkl3WdXY4hEEw=="}
  Rendering users/new.html.erb within layouts/application
  Rendered users/new.html.erb within layouts/application (0.5ms)
Completed 200 OK in 20ms (Views: 19.8ms | ActiveRecord: 0.0ms)


Started GET "/users/new?authenticity_token=aluBMOnoXygST64ddls7dWQH7biQjEbBHpszqdXWaMO%2BhK1f611T%2F6KlSJc4V9ElnB%2FZq6BP3s93DmjZJOvJvw%3D%3D" for 127.0.0.1 at 2018-09-14 15:45:09 -0700
Processing by UsersController#new as HTML
  Parameters: {"authenticity_token"=>"aluBMOnoXygST64ddls7dWQH7biQjEbBHpszqdXWaMO+hK1f611T/6KlSJc4V9ElnB/Zq6BP3s93DmjZJOvJvw=="}
  Rendering users/new.html.erb within layouts/application
  Rendered users/new.html.erb within layouts/application (1.2ms)
Completed 200 OK in 21ms (Views: 19.9ms | ActiveRecord: 0.0ms)


Started GET "/users/new?authenticity_token=NzzdOS69NbqZhHcqneLiLBeDM16BcIFEWOpdgTEo0E%2Fj4%2FFWLAg5bSlukaDT7gh875sHTbGzGUoxfwbxwBVxMw%3D%3D" for 127.0.0.1 at 2018-09-14 15:45:09 -0700
Processing by UsersController#new as HTML
  Parameters: {"authenticity_token"=>"NzzdOS69NbqZhHcqneLiLBeDM16BcIFEWOpdgTEo0E/j4/FWLAg5bSlukaDT7gh875sHTbGzGUoxfwbxwBVxMw=="}
  Rendering users/new.html.erb within layouts/application
  Rendered users/new.html.erb within layouts/application (0.8ms)
Completed 200 OK in 20ms (Views: 19.2ms | ActiveRecord: 0.0ms)


Started GET "/users/new?authenticity_token=eA2VJVzdur1vig8uDfznQzrTIHpSDOd9x%2F%2BRKQRK9pas0rlKXmi2at9g6aRD8A0TwssUaWLPf3OuaspZ9XdX6g%3D%3D" for 127.0.0.1 at 2018-09-14 15:45:09 -0700
Processing by UsersController#new as HTML
  Parameters: {"authenticity_token"=>"eA2VJVzdur1vig8uDfznQzrTIHpSDOd9x/+RKQRK9pas0rlKXmi2at9g6aRD8A0TwssUaWLPf3OuaspZ9XdX6g=="}
  Rendering users/new.html.erb within layouts/application
  Rendered users/new.html.erb within layouts/application (0.6ms)
Completed 200 OK in 19ms (Views: 18.6ms | ActiveRecord: 0.0ms)


Started GET "/users/new?authenticity_token=pLjqS5oqEB7CjDsW%2BMAdbUQiQAxuBdLzhy%2B%2BrDjowqBwZ8YkmJ8cyXJm3Zy2zPc9vDp0H17GSv3uuuXcydVj3A%3D%3D" for 127.0.0.1 at 2018-09-14 15:45:09 -0700
Processing by UsersController#new as HTML
  Parameters: {"authenticity_token"=>"pLjqS5oqEB7CjDsW+MAdbUQiQAxuBdLzhy++rDjowqBwZ8YkmJ8cyXJm3Zy2zPc9vDp0H17GSv3uuuXcydVj3A=="}
  Rendering users/new.html.erb within layouts/application
  Rendered users/new.html.erb within layouts/application (0.6ms)
Completed 200 OK in 24ms (Views: 23.1ms | ActiveRecord: 0.0ms)


Started GET "/users/new?authenticity_token=pLjqS5oqEB7CjDsW%2BMAdbUQiQAxuBdLzhy%2B%2BrDjowqBwZ8YkmJ8cyXJm3Zy2zPc9vDp0H17GSv3uuuXcydVj3A%3D%3D" for 127.0.0.1 at 2018-09-14 15:46:10 -0700
Processing by UsersController#new as HTML
  Parameters: {"authenticity_token"=>"pLjqS5oqEB7CjDsW+MAdbUQiQAxuBdLzhy++rDjowqBwZ8YkmJ8cyXJm3Zy2zPc9vDp0H17GSv3uuuXcydVj3A=="}
  Rendering users/new.html.erb within layouts/application
  Rendered users/new.html.erb within layouts/application (0.6ms)
Completed 200 OK in 165ms (Views: 164.8ms | ActiveRecord: 0.0ms)


Started GET "/users/new?authenticity_token=pLjqS5oqEB7CjDsW%2BMAdbUQiQAxuBdLzhy%2B%2BrDjowqBwZ8YkmJ8cyXJm3Zy2zPc9vDp0H17GSv3uuuXcydVj3A%3D%3D" for 127.0.0.1 at 2018-09-14 15:46:36 -0700
Processing by UsersController#new as HTML
  Parameters: {"authenticity_token"=>"pLjqS5oqEB7CjDsW+MAdbUQiQAxuBdLzhy++rDjowqBwZ8YkmJ8cyXJm3Zy2zPc9vDp0H17GSv3uuuXcydVj3A=="}
  Rendering users/new.html.erb within layouts/application
  Rendered users/new.html.erb within layouts/application (0.5ms)
Completed 200 OK in 24ms (Views: 23.1ms | ActiveRecord: 0.0ms)


Started GET "/users/new?authenticity_token=8A93aGUeArjP6eBiTk0eKfaIo%2BhKtKODch0A%2F4xoa54k0FsHZ6sOb38DBugAQfR5DpCX%2B3p3O40biFuPfVXK4g%3D%3D" for 127.0.0.1 at 2018-09-14 15:46:38 -0700
Processing by UsersController#new as HTML
  Parameters: {"authenticity_token"=>"8A93aGUeArjP6eBiTk0eKfaIo+hKtKODch0A/4xoa54k0FsHZ6sOb38DBugAQfR5DpCX+3p3O40biFuPfVXK4g=="}
  Rendering users/new.html.erb within layouts/application
  Rendered users/new.html.erb within layouts/application (0.6ms)
Completed 200 OK in 23ms (Views: 22.0ms | ActiveRecord: 0.0ms)


Started GET "/users/new?authenticity_token=bL6CHWBdQf%2FlIUjNSim4GgRrfVVqt6szehNH45fVWtq4Ya5yYuhNKFXLrkcEJVJK%2FHNJRlp0Mz0ThhyTZuj7pg%3D%3D" for 127.0.0.1 at 2018-09-14 15:46:38 -0700
Processing by UsersController#new as HTML
  Parameters: {"authenticity_token"=>"bL6CHWBdQf/lIUjNSim4GgRrfVVqt6szehNH45fVWtq4Ya5yYuhNKFXLrkcEJVJK/HNJRlp0Mz0ThhyTZuj7pg=="}
  Rendering users/new.html.erb within layouts/application
  Rendered users/new.html.erb within layouts/application (0.6ms)
Completed 200 OK in 18ms (Views: 17.9ms | ActiveRecord: 0.0ms)


Started GET "/users/new?authenticity_token=bL6CHWBdQf%2FlIUjNSim4GgRrfVVqt6szehNH45fVWtq4Ya5yYuhNKFXLrkcEJVJK%2FHNJRlp0Mz0ThhyTZuj7pg%3D%3D" for 127.0.0.1 at 2018-09-14 15:46:39 -0700
Processing by UsersController#new as HTML
  Parameters: {"authenticity_token"=>"bL6CHWBdQf/lIUjNSim4GgRrfVVqt6szehNH45fVWtq4Ya5yYuhNKFXLrkcEJVJK/HNJRlp0Mz0ThhyTZuj7pg=="}
  Rendering users/new.html.erb within layouts/application
  Rendered users/new.html.erb within layouts/application (0.5ms)
Completed 200 OK in 17ms (Views: 16.7ms | ActiveRecord: 0.0ms)


Started GET "/users/new?authenticity_token=x9YY8tlLpKwka9BcIKJDr1TWR4iqsykx3lW1FeNsDP8TCTSd2%2F6oe5SBNtZurqn%2FrM5zm5pwsT%2B3wO5lElGtgw%3D%3D" for 127.0.0.1 at 2018-09-14 15:46:40 -0700
Processing by UsersController#new as HTML
  Parameters: {"authenticity_token"=>"x9YY8tlLpKwka9BcIKJDr1TWR4iqsykx3lW1FeNsDP8TCTSd2/6oe5SBNtZurqn/rM5zm5pwsT+3wO5lElGtgw=="}
  Rendering users/new.html.erb within layouts/application
  Rendered users/new.html.erb within layouts/application (0.8ms)
Completed 200 OK in 23ms (Views: 22.3ms | ActiveRecord: 0.0ms)


Started GET "/users/new?authenticity_token=x9YY8tlLpKwka9BcIKJDr1TWR4iqsykx3lW1FeNsDP8TCTSd2%2F6oe5SBNtZurqn%2FrM5zm5pwsT%2B3wO5lElGtgw%3D%3D" for 127.0.0.1 at 2018-09-14 15:46:47 -0700
Processing by UsersController#new as HTML
  Parameters: {"authenticity_token"=>"x9YY8tlLpKwka9BcIKJDr1TWR4iqsykx3lW1FeNsDP8TCTSd2/6oe5SBNtZurqn/rM5zm5pwsT+3wO5lElGtgw=="}
  Rendering users/new.html.erb within layouts/application
  Rendered users/new.html.erb within layouts/application (0.6ms)
Completed 200 OK in 21ms (Views: 19.9ms | ActiveRecord: 0.0ms)


Started GET "/users/new?authenticity_token=x9YY8tlLpKwka9BcIKJDr1TWR4iqsykx3lW1FeNsDP8TCTSd2%2F6oe5SBNtZurqn%2FrM5zm5pwsT%2B3wO5lElGtgw%3D%3D" for 127.0.0.1 at 2018-09-14 15:47:14 -0700
Processing by UsersController#new as HTML
  Parameters: {"authenticity_token"=>"x9YY8tlLpKwka9BcIKJDr1TWR4iqsykx3lW1FeNsDP8TCTSd2/6oe5SBNtZurqn/rM5zm5pwsT+3wO5lElGtgw=="}
  Rendering users/new.html.erb within layouts/application
  Rendered users/new.html.erb within layouts/application (0.6ms)
Completed 200 OK in 61ms (Views: 60.6ms | ActiveRecord: 0.0ms)


Started GET "/users/new?authenticity_token=x9YY8tlLpKwka9BcIKJDr1TWR4iqsykx3lW1FeNsDP8TCTSd2%2F6oe5SBNtZurqn%2FrM5zm5pwsT%2B3wO5lElGtgw%3D%3D" for 127.0.0.1 at 2018-09-14 15:47:23 -0700
Processing by UsersController#new as HTML
  Parameters: {"authenticity_token"=>"x9YY8tlLpKwka9BcIKJDr1TWR4iqsykx3lW1FeNsDP8TCTSd2/6oe5SBNtZurqn/rM5zm5pwsT+3wO5lElGtgw=="}
  Rendering users/new.html.erb within layouts/application
  Rendered users/new.html.erb within layouts/application (0.6ms)
Completed 200 OK in 31ms (Views: 30.5ms | ActiveRecord: 0.0ms)


Started GET "/users/new?authenticity_token=x9YY8tlLpKwka9BcIKJDr1TWR4iqsykx3lW1FeNsDP8TCTSd2%2F6oe5SBNtZurqn%2FrM5zm5pwsT%2B3wO5lElGtgw%3D%3D" for 127.0.0.1 at 2018-09-14 15:47:38 -0700
Processing by UsersController#new as HTML
  Parameters: {"authenticity_token"=>"x9YY8tlLpKwka9BcIKJDr1TWR4iqsykx3lW1FeNsDP8TCTSd2/6oe5SBNtZurqn/rM5zm5pwsT+3wO5lElGtgw=="}
  Rendering users/new.html.erb within layouts/application
  Rendered users/new.html.erb within layouts/application (0.5ms)
Completed 200 OK in 34ms (Views: 33.9ms | ActiveRecord: 0.0ms)


Started GET "/users/new?authenticity_token=nzfc720pv885ahYFKJKb00SPRYJG0nyD%2BvHiTg6muItL6PCAb5yzGImA8I9mnnGDvJdxkXYR5I2TZLk%2B%2F5sZ9w%3D%3D" for 127.0.0.1 at 2018-09-14 15:47:49 -0700
Processing by UsersController#new as HTML
  Parameters: {"authenticity_token"=>"nzfc720pv885ahYFKJKb00SPRYJG0nyD+vHiTg6muItL6PCAb5yzGImA8I9mnnGDvJdxkXYR5I2TZLk+/5sZ9w=="}
  Rendering users/new.html.erb within layouts/application
  Rendered users/new.html.erb within layouts/application (0.6ms)
Completed 200 OK in 22ms (Views: 20.9ms | ActiveRecord: 0.0ms)


Started GET "/" for 127.0.0.1 at 2018-09-14 16:05:14 -0700
Processing by Rails::WelcomeController#index as HTML
  Rendering /usr/local/var/rbenv/versions/2.5.0/lib/ruby/gems/2.5.0/gems/railties-5.2.1/lib/rails/templates/rails/welcome/index.html.erb
  Rendered /usr/local/var/rbenv/versions/2.5.0/lib/ruby/gems/2.5.0/gems/railties-5.2.1/lib/rails/templates/rails/welcome/index.html.erb (2.6ms)
Completed 200 OK in 58ms (Views: 6.6ms | ActiveRecord: 0.0ms)


Started GET "/users/new?authenticity_token=tjdlvgr1ZPkiZrmPBf6ms%2B942cKVx%2FPvhakUpMyIbp5i6EnRCEBoLpKMXwVL8kzjF2Dt0aUEa%2BHsPE%2FUPbXP4g%3D%3D" for 127.0.0.1 at 2018-09-14 16:27:57 -0700
Processing by UsersController#new as HTML
  Parameters: {"authenticity_token"=>"tjdlvgr1ZPkiZrmPBf6ms+942cKVx/PvhakUpMyIbp5i6EnRCEBoLpKMXwVL8kzjF2Dt0aUEa+HsPE/UPbXP4g=="}
  Rendering users/new.html.erb within layouts/application
  Rendered users/new.html.erb within layouts/application (26.5ms)
Completed 200 OK in 451ms (Views: 410.7ms | ActiveRecord: 0.0ms)


